kernel/Makefile:133: *** No X.509 certificates found ***
drivers/input/touchscreen/FT5336/ft5x06_720p.c:56:5: warning: "CTP_PROC_INTERFACE" is not defined [-Wundef]
 #if CTP_PROC_INTERFACE
     ^
drivers/input/touchscreen/FT5336/ft5x06_720p.c:60:5: warning: "CTP_LOCKDOWN_INFO" is not defined [-Wundef]
 #if CTP_LOCKDOWN_INFO
     ^
drivers/input/touchscreen/FT5336/ft5x06_720p.c:115:5: warning: "CTP_PROC_INTERFACE" is not defined [-Wundef]
 #if CTP_PROC_INTERFACE
     ^
drivers/input/touchscreen/FT5336/ft5x06_720p.c:168:5: warning: "CTP_PROC_INTERFACE" is not defined [-Wundef]
 #if CTP_PROC_INTERFACE
     ^
drivers/input/touchscreen/FT5336/ft5x06_720p.c:172:5: warning: "CTP_PROC_INTERFACE" is not defined [-Wundef]
 #if CTP_PROC_INTERFACE
     ^
drivers/input/touchscreen/FT5336/ft5x06_720p.c: In function 'ft5x06_fw_upgrade_start':
drivers/input/touchscreen/FT5336/ft5x06_720p.c:930:3: error: implicit declaration of function 'usleep' [-Werror=implicit-function-declaration]
   usleep(FT_55_AA_DLY_NS);
   ^
drivers/input/touchscreen/FT5336/ft5x06_720p.c: In function 'fts_ctpm_read_lockdown':
drivers/input/touchscreen/FT5336/ft5x06_720p.c:1162:3: error: 'lockdown_info' undeclared (first use in this function)
   lockdown_info[k] = data->lockdown_info[k];
   ^
drivers/input/touchscreen/FT5336/ft5x06_720p.c:1162:3: note: each undeclared identifier is reported only once for each function it appears in
drivers/input/touchscreen/FT5336/ft5x06_720p.c:1165:2: error: 'tp_color' undeclared (first use in this function)
  tp_color = lockdown_info[2];
  ^
drivers/input/touchscreen/FT5336/ft5x06_720p.c: At top level:
drivers/input/touchscreen/FT5336/ft5x06_720p.c:1820:5: warning: "CTP_PROC_INTERFACE" is not defined [-Wundef]
 #if CTP_PROC_INTERFACE
     ^
drivers/input/touchscreen/FT5336/ft5x06_720p.c:2135:5: warning: "CTP_PROC_INTERFACE" is not defined [-Wundef]
 #if CTP_PROC_INTERFACE
     ^
drivers/input/touchscreen/FT5336/ft5x06_720p.c: In function 'ft5x06_ts_probe':
drivers/input/touchscreen/FT5336/ft5x06_720p.c:2506:5: warning: "CTP_PROC_INTERFACE" is not defined [-Wundef]
 #if CTP_PROC_INTERFACE
     ^
drivers/input/touchscreen/FT5336/ft5x06_720p.c:2795:5: warning: "CTP_LOCKDOWN_INFO" is not defined [-Wundef]
 #if CTP_LOCKDOWN_INFO
     ^
drivers/input/touchscreen/FT5336/ft5x06_720p.c:2816:5: warning: "CTP_PROC_INTERFACE" is not defined [-Wundef]
 #if CTP_PROC_INTERFACE
     ^
cc1: some warnings being treated as errors
make[4]: *** [drivers/input/touchscreen/FT5336/ft5x06_720p.o] Error 1
make[3]: *** [drivers/input/touchscreen/FT5336] Error 2
make[3]: *** Waiting for unfinished jobs....
In file included from drivers/net/ethernet/msm/rndis_ipa.c:32:0:
drivers/net/ethernet/msm/rndis_ipa_trace.h:82:0: warning: "TRACE_INCLUDE_PATH" redefined
 #define TRACE_INCLUDE_PATH ../../drivers/net/ethernet/msm
 ^
drivers/net/ethernet/msm/rndis_ipa_trace.h:80:0: note: this is the location of the previous definition
 #define TRACE_INCLUDE_PATH .
 ^
In file included from include/trace/define_trace.h:83:0,
                 from drivers/net/ethernet/msm/rndis_ipa_trace.h:83,
                 from drivers/net/ethernet/msm/rndis_ipa.c:32:
include/trace/../../drivers/net/ethernet/msm/rndis_ipa_trace.h:82:0: warning: "TRACE_INCLUDE_PATH" redefined
 #define TRACE_INCLUDE_PATH ../../drivers/net/ethernet/msm
 ^
include/trace/../../drivers/net/ethernet/msm/rndis_ipa_trace.h:80:0: note: this is the location of the previous definition
 #define TRACE_INCLUDE_PATH .
 ^
In file included from include/trace/ftrace.h:106:0,
                 from include/trace/define_trace.h:90,
                 from drivers/net/ethernet/msm/rndis_ipa_trace.h:83,
                 from drivers/net/ethernet/msm/rndis_ipa.c:32:
include/trace/../../drivers/net/ethernet/msm/rndis_ipa_trace.h:82:0: warning: "TRACE_INCLUDE_PATH" redefined
 #define TRACE_INCLUDE_PATH ../../drivers/net/ethernet/msm
 ^
include/trace/../../drivers/net/ethernet/msm/rndis_ipa_trace.h:80:0: note: this is the location of the previous definition
 #define TRACE_INCLUDE_PATH .
 ^
In file included from include/trace/ftrace.h:168:0,
                 from include/trace/define_trace.h:90,
                 from drivers/net/ethernet/msm/rndis_ipa_trace.h:83,
                 from drivers/net/ethernet/msm/rndis_ipa.c:32:
include/trace/../../drivers/net/ethernet/msm/rndis_ipa_trace.h:82:0: warning: "TRACE_INCLUDE_PATH" redefined
 #define TRACE_INCLUDE_PATH ../../drivers/net/ethernet/msm
 ^
include/trace/../../drivers/net/ethernet/msm/rndis_ipa_trace.h:80:0: note: this is the location of the previous definition
 #define TRACE_INCLUDE_PATH .
 ^
In file included from include/trace/ftrace.h:327:0,
                 from include/trace/define_trace.h:90,
                 from drivers/net/ethernet/msm/rndis_ipa_trace.h:83,
                 from drivers/net/ethernet/msm/rndis_ipa.c:32:
include/trace/../../drivers/net/ethernet/msm/rndis_ipa_trace.h:82:0: warning: "TRACE_INCLUDE_PATH" redefined
 #define TRACE_INCLUDE_PATH ../../drivers/net/ethernet/msm
 ^
include/trace/../../drivers/net/ethernet/msm/rndis_ipa_trace.h:80:0: note: this is the location of the previous definition
 #define TRACE_INCLUDE_PATH .
 ^
In file included from include/trace/ftrace.h:399:0,
                 from include/trace/define_trace.h:90,
                 from drivers/net/ethernet/msm/rndis_ipa_trace.h:83,
                 from drivers/net/ethernet/msm/rndis_ipa.c:32:
include/trace/../../drivers/net/ethernet/msm/rndis_ipa_trace.h:82:0: warning: "TRACE_INCLUDE_PATH" redefined
 #define TRACE_INCLUDE_PATH ../../drivers/net/ethernet/msm
 ^
include/trace/../../drivers/net/ethernet/msm/rndis_ipa_trace.h:80:0: note: this is the location of the previous definition
 #define TRACE_INCLUDE_PATH .
 ^
In file included from include/trace/ftrace.h:479:0,
                 from include/trace/define_trace.h:90,
                 from drivers/net/ethernet/msm/rndis_ipa_trace.h:83,
                 from drivers/net/ethernet/msm/rndis_ipa.c:32:
include/trace/../../drivers/net/ethernet/msm/rndis_ipa_trace.h:82:0: warning: "TRACE_INCLUDE_PATH" redefined
 #define TRACE_INCLUDE_PATH ../../drivers/net/ethernet/msm
 ^
include/trace/../../drivers/net/ethernet/msm/rndis_ipa_trace.h:80:0: note: this is the location of the previous definition
 #define TRACE_INCLUDE_PATH .
 ^
In file included from include/trace/ftrace.h:676:0,
                 from include/trace/define_trace.h:90,
                 from drivers/net/ethernet/msm/rndis_ipa_trace.h:83,
                 from drivers/net/ethernet/msm/rndis_ipa.c:32:
include/trace/../../drivers/net/ethernet/msm/rndis_ipa_trace.h:82:0: warning: "TRACE_INCLUDE_PATH" redefined
 #define TRACE_INCLUDE_PATH ../../drivers/net/ethernet/msm
 ^
include/trace/../../drivers/net/ethernet/msm/rndis_ipa_trace.h:80:0: note: this is the location of the previous definition
 #define TRACE_INCLUDE_PATH .
 ^
In file included from include/trace/ftrace.h:739:0,
                 from include/trace/define_trace.h:90,
                 from drivers/net/ethernet/msm/rndis_ipa_trace.h:83,
                 from drivers/net/ethernet/msm/rndis_ipa.c:32:
include/trace/../../drivers/net/ethernet/msm/rndis_ipa_trace.h:82:0: warning: "TRACE_INCLUDE_PATH" redefined
 #define TRACE_INCLUDE_PATH ../../drivers/net/ethernet/msm
 ^
include/trace/../../drivers/net/ethernet/msm/rndis_ipa_trace.h:80:0: note: this is the location of the previous definition
 #define TRACE_INCLUDE_PATH .
 ^
In file included from include/trace/ftrace.h:829:0,
                 from include/trace/define_trace.h:90,
                 from drivers/net/ethernet/msm/rndis_ipa_trace.h:83,
                 from drivers/net/ethernet/msm/rndis_ipa.c:32:
include/trace/../../drivers/net/ethernet/msm/rndis_ipa_trace.h:82:0: warning: "TRACE_INCLUDE_PATH" redefined
 #define TRACE_INCLUDE_PATH ../../drivers/net/ethernet/msm
 ^
include/trace/../../drivers/net/ethernet/msm/rndis_ipa_trace.h:80:0: note: this is the location of the previous definition
 #define TRACE_INCLUDE_PATH .
 ^
make[2]: *** [drivers/input/touchscreen] Error 2
make[1]: *** [drivers/input] Error 2
make[1]: *** Waiting for unfinished jobs....
In file included from drivers/net/ethernet/msm/rndis_ipa.c:32:0:
drivers/net/ethernet/msm/rndis_ipa_trace.h:82:0: warning: "TRACE_INCLUDE_PATH" redefined
 #define TRACE_INCLUDE_PATH ../../drivers/net/ethernet/msm
 ^
drivers/net/ethernet/msm/rndis_ipa_trace.h:80:0: note: this is the location of the previous definition
 #define TRACE_INCLUDE_PATH .
 ^
In file included from include/trace/define_trace.h:83:0,
                 from drivers/net/ethernet/msm/rndis_ipa_trace.h:83,
                 from drivers/net/ethernet/msm/rndis_ipa.c:32:
include/trace/../../drivers/net/ethernet/msm/rndis_ipa_trace.h:82:0: warning: "TRACE_INCLUDE_PATH" redefined
 #define TRACE_INCLUDE_PATH ../../drivers/net/ethernet/msm
 ^
include/trace/../../drivers/net/ethernet/msm/rndis_ipa_trace.h:80:0: note: this is the location of the previous definition
 #define TRACE_INCLUDE_PATH .
 ^
In file included from include/trace/ftrace.h:106:0,
                 from include/trace/define_trace.h:90,
                 from drivers/net/ethernet/msm/rndis_ipa_trace.h:83,
                 from drivers/net/ethernet/msm/rndis_ipa.c:32:
include/trace/../../drivers/net/ethernet/msm/rndis_ipa_trace.h:82:0: warning: "TRACE_INCLUDE_PATH" redefined
 #define TRACE_INCLUDE_PATH ../../drivers/net/ethernet/msm
 ^
include/trace/../../drivers/net/ethernet/msm/rndis_ipa_trace.h:80:0: note: this is the location of the previous definition
 #define TRACE_INCLUDE_PATH .
 ^
In file included from include/trace/ftrace.h:168:0,
                 from include/trace/define_trace.h:90,
                 from drivers/net/ethernet/msm/rndis_ipa_trace.h:83,
                 from drivers/net/ethernet/msm/rndis_ipa.c:32:
include/trace/../../drivers/net/ethernet/msm/rndis_ipa_trace.h:82:0: warning: "TRACE_INCLUDE_PATH" redefined
 #define TRACE_INCLUDE_PATH ../../drivers/net/ethernet/msm
 ^
include/trace/../../drivers/net/ethernet/msm/rndis_ipa_trace.h:80:0: note: this is the location of the previous definition
 #define TRACE_INCLUDE_PATH .
 ^
In file included from include/trace/ftrace.h:327:0,
                 from include/trace/define_trace.h:90,
                 from drivers/net/ethernet/msm/rndis_ipa_trace.h:83,
                 from drivers/net/ethernet/msm/rndis_ipa.c:32:
include/trace/../../drivers/net/ethernet/msm/rndis_ipa_trace.h:82:0: warning: "TRACE_INCLUDE_PATH" redefined
 #define TRACE_INCLUDE_PATH ../../drivers/net/ethernet/msm
 ^
include/trace/../../drivers/net/ethernet/msm/rndis_ipa_trace.h:80:0: note: this is the location of the previous definition
 #define TRACE_INCLUDE_PATH .
 ^
In file included from include/trace/ftrace.h:399:0,
                 from include/trace/define_trace.h:90,
                 from drivers/net/ethernet/msm/rndis_ipa_trace.h:83,
                 from drivers/net/ethernet/msm/rndis_ipa.c:32:
include/trace/../../drivers/net/ethernet/msm/rndis_ipa_trace.h:82:0: warning: "TRACE_INCLUDE_PATH" redefined
 #define TRACE_INCLUDE_PATH ../../drivers/net/ethernet/msm
 ^
include/trace/../../drivers/net/ethernet/msm/rndis_ipa_trace.h:80:0: note: this is the location of the previous definition
 #define TRACE_INCLUDE_PATH .
 ^
In file included from include/trace/ftrace.h:479:0,
                 from include/trace/define_trace.h:90,
                 from drivers/net/ethernet/msm/rndis_ipa_trace.h:83,
                 from drivers/net/ethernet/msm/rndis_ipa.c:32:
include/trace/../../drivers/net/ethernet/msm/rndis_ipa_trace.h:82:0: warning: "TRACE_INCLUDE_PATH" redefined
 #define TRACE_INCLUDE_PATH ../../drivers/net/ethernet/msm
 ^
include/trace/../../drivers/net/ethernet/msm/rndis_ipa_trace.h:80:0: note: this is the location of the previous definition
 #define TRACE_INCLUDE_PATH .
 ^
In file included from include/trace/ftrace.h:676:0,
                 from include/trace/define_trace.h:90,
                 from drivers/net/ethernet/msm/rndis_ipa_trace.h:83,
                 from drivers/net/ethernet/msm/rndis_ipa.c:32:
include/trace/../../drivers/net/ethernet/msm/rndis_ipa_trace.h:82:0: warning: "TRACE_INCLUDE_PATH" redefined
 #define TRACE_INCLUDE_PATH ../../drivers/net/ethernet/msm
 ^
include/trace/../../drivers/net/ethernet/msm/rndis_ipa_trace.h:80:0: note: this is the location of the previous definition
 #define TRACE_INCLUDE_PATH .
 ^
In file included from include/trace/ftrace.h:739:0,
                 from include/trace/define_trace.h:90,
                 from drivers/net/ethernet/msm/rndis_ipa_trace.h:83,
                 from drivers/net/ethernet/msm/rndis_ipa.c:32:
include/trace/../../drivers/net/ethernet/msm/rndis_ipa_trace.h:82:0: warning: "TRACE_INCLUDE_PATH" redefined
 #define TRACE_INCLUDE_PATH ../../drivers/net/ethernet/msm
 ^
include/trace/../../drivers/net/ethernet/msm/rndis_ipa_trace.h:80:0: note: this is the location of the previous definition
 #define TRACE_INCLUDE_PATH .
 ^
In file included from include/trace/ftrace.h:829:0,
                 from include/trace/define_trace.h:90,
                 from drivers/net/ethernet/msm/rndis_ipa_trace.h:83,
                 from drivers/net/ethernet/msm/rndis_ipa.c:32:
include/trace/../../drivers/net/ethernet/msm/rndis_ipa_trace.h:82:0: warning: "TRACE_INCLUDE_PATH" redefined
 #define TRACE_INCLUDE_PATH ../../drivers/net/ethernet/msm
 ^
include/trace/../../drivers/net/ethernet/msm/rndis_ipa_trace.h:80:0: note: this is the location of the previous definition
 #define TRACE_INCLUDE_PATH .
 ^
make: *** [drivers] Error 2
